0 info it worked if it ends with ok
1 verbose cli [ '/usr/local/Cellar/node/5.3.0/bin/node',
1 verbose cli   '/Users/benhernandez/.npm-packages/bin/npm',
1 verbose cli   'start' ]
2 info using npm@3.5.2
3 info using node@v5.3.0
4 verbose config Skipping project config: /Users/benhernandez/.npmrc. (matches userconfig)
5 verbose stack Error: ENOENT: no such file or directory, open '/Users/benhernandez/package.json'
5 verbose stack     at Error (native)
6 verbose cwd /Users/benhernandez/gitShit/java-twitter-api
7 error Darwin 15.4.0
8 error argv "/usr/local/Cellar/node/5.3.0/bin/node" "/Users/benhernandez/.npm-packages/bin/npm" "start"
9 error node v5.3.0
10 error npm  v3.5.2
11 error path /Users/benhernandez/package.json
12 error code ENOENT
13 error errno -2
14 error syscall open
15 error enoent ENOENT: no such file or directory, open '/Users/benhernandez/package.json'
16 error enoent ENOENT: no such file or directory, open '/Users/benhernandez/package.json'
16 error enoent This is most likely not a problem with npm itself
16 error enoent and is related to npm not being able to find a file.
17 verbose exit [ -2, true ]
